<?xml version="1.0" encoding="UTF-8"?>
<!-- Generated by org.testng.reporters.JUnitXMLReporter -->
<testsuite ignored="0" hostname="DESKTOP-DJAOCVR" failures="0" tests="2" name="Test" time="23.348" errors="0" timestamp="2025-03-07T02:13:06 IST">
  <testcase classname="testCases.TC_001_CreatingAnAccount" name="creatingAnAccount" time="0.001">
    <skipped/>
  </testcase> <!-- creatingAnAccount -->
  <testcase classname="testCases.TC_002_SignInTest" name="signInTest" time="0.0">
    <skipped/>
  </testcase> <!-- signInTest -->
</testsuite> <!-- Test -->
