<?xml version="1.0" encoding="UTF-8"?>
<!-- Generated by org.testng.reporters.JUnitXMLReporter -->
<testsuite ignored="1" hostname="DESKTOP-DJAOCVR" failures="0" tests="1" name="Test" time="12.285" errors="0" timestamp="2025-03-07T03:21:31 IST">
  <testcase classname="testCases.TC_001_CreatingAnAccount" name="creatingAnAccount" time="5.114"/>
  <testcase classname="testCases.TC_002_SignInTest" name="signInTest" time="0.0">
    <ignored/>
  </testcase> <!-- signInTest -->
</testsuite> <!-- Test -->
