<?xml version="1.0" encoding="UTF-8"?>
<testng-results ignored="1" total="6" passed="5" failed="0" skipped="0">
  <reporter-output>
  </reporter-output>
  <suite started-at="2025-03-07T03:20:17 IST" name="Suite" finished-at="2025-03-07T03:20:44 IST" duration-ms="27087">
    <groups>
      <group name="regression">
        <method signature="TC_001_CreatingAnAccount.creatingAnAccount()[pri:0, instance:testCases.TC_001_CreatingAnAccount@67d48005]" name="creatingAnAccount" class="testCases.TC_001_CreatingAnAccount"/>
      </group> <!-- regression -->
      <group name="master">
        <method signature="TC_001_CreatingAnAccount.creatingAnAccount()[pri:0, instance:testCases.TC_001_CreatingAnAccount@67d48005]" name="creatingAnAccount" class="testCases.TC_001_CreatingAnAccount"/>
        <method signature="TC_002_SignInTest.signInTest()[pri:0, instance:testCases.TC_002_SignInTest@6b81ce95]" name="signInTest" class="testCases.TC_002_SignInTest"/>
      </group> <!-- master -->
    </groups>
    <test started-at="2025-03-07T03:20:17 IST" name="Test" finished-at="2025-03-07T03:20:44 IST" duration-ms="27087">
      <class name="testCases.TC_002_SignInTest">
        <test-method is-config="true" signature="setup(java.lang.String,java.lang.String)[pri:0, instance:testCases.TC_002_SignInTest@6b81ce95]" started-at="2025-03-07T03:20:33 IST" name="setup" finished-at="2025-03-07T03:20:38 IST" duration-ms="5616" status="PASS">
          <params>
            <param index="0">
              <value>
                <![CDATA[Windows]]>
              </value>
            </param>
            <param index="1">
              <value>
                <![CDATA[chrome]]>
              </value>
            </param>
          </params>
          <reporter-output>
          </reporter-output>
        </test-method> <!-- setup -->
        <test-method is-config="true" signature="setUpPages()[pri:0, instance:testCases.TC_002_SignInTest@6b81ce95]" started-at="2025-03-07T03:20:38 IST" name="setUpPages" finished-at="2025-03-07T03:20:38 IST" duration-ms="9" status="PASS">
          <reporter-output>
          </reporter-output>
        </test-method> <!-- setUpPages -->
        <test-method signature="signInTest()[pri:0, instance:testCases.TC_002_SignInTest@6b81ce95]" started-at="2025-03-07T03:20:38 IST" name="signInTest" finished-at="2025-03-07T03:20:44 IST" depends-on-methods="testCases.TC_001_CreatingAnAccount.creatingAnAccount" duration-ms="5550" status="PASS">
          <reporter-output>
          </reporter-output>
        </test-method> <!-- signInTest -->
        <test-method is-config="true" signature="tearDown()[pri:0, instance:testCases.TC_002_SignInTest@6b81ce95]" started-at="2025-03-07T03:20:44 IST" name="tearDown" finished-at="2025-03-07T03:20:44 IST" duration-ms="263" status="PASS">
          <reporter-output>
          </reporter-output>
        </test-method> <!-- tearDown -->
      </class> <!-- testCases.TC_002_SignInTest -->
      <class name="testCases.TC_001_CreatingAnAccount">
        <test-method is-config="true" signature="setup(java.lang.String,java.lang.String)[pri:0, instance:testCases.TC_001_CreatingAnAccount@67d48005]" started-at="2025-03-07T03:20:18 IST" name="setup" finished-at="2025-03-07T03:20:27 IST" duration-ms="9172" status="PASS">
          <params>
            <param index="0">
              <value>
                <![CDATA[Windows]]>
              </value>
            </param>
            <param index="1">
              <value>
                <![CDATA[chrome]]>
              </value>
            </param>
          </params>
          <reporter-output>
          </reporter-output>
        </test-method> <!-- setup -->
        <test-method is-config="true" signature="setUpPages()[pri:0, instance:testCases.TC_001_CreatingAnAccount@67d48005]" started-at="2025-03-07T03:20:27 IST" name="setUpPages" finished-at="2025-03-07T03:20:27 IST" duration-ms="145" status="PASS">
          <reporter-output>
          </reporter-output>
        </test-method> <!-- setUpPages -->
        <test-method signature="creatingAnAccount()[pri:0, instance:testCases.TC_001_CreatingAnAccount@67d48005]" started-at="2025-03-07T03:20:27 IST" name="creatingAnAccount" finished-at="2025-03-07T03:20:32 IST" duration-ms="5411" status="PASS">
          <reporter-output>
          </reporter-output>
        </test-method> <!-- creatingAnAccount -->
        <test-method is-config="true" signature="tearDown()[pri:0, instance:testCases.TC_001_CreatingAnAccount@67d48005]" started-at="2025-03-07T03:20:32 IST" name="tearDown" finished-at="2025-03-07T03:20:33 IST" duration-ms="312" status="PASS">
          <reporter-output>
          </reporter-output>
        </test-method> <!-- tearDown -->
      </class> <!-- testCases.TC_001_CreatingAnAccount -->
    </test> <!-- Test -->
  </suite> <!-- Suite -->
  <suite started-at="2025-03-07T03:21:18 IST" name="Suite (1)" finished-at="2025-03-07T03:21:31 IST" duration-ms="12285">
    <groups>
      <group name="regression">
        <method signature="TC_001_CreatingAnAccount.creatingAnAccount()[pri:0, instance:testCases.TC_001_CreatingAnAccount@1aafa419]" name="creatingAnAccount" class="testCases.TC_001_CreatingAnAccount"/>
      </group> <!-- regression -->
      <group name="master">
        <method signature="TC_001_CreatingAnAccount.creatingAnAccount()[pri:0, instance:testCases.TC_001_CreatingAnAccount@1aafa419]" name="creatingAnAccount" class="testCases.TC_001_CreatingAnAccount"/>
      </group> <!-- master -->
    </groups>
    <test started-at="2025-03-07T03:21:18 IST" name="Test" finished-at="2025-03-07T03:21:31 IST" duration-ms="12285">
      <class name="testCases.TC_001_CreatingAnAccount">
        <test-method is-config="true" signature="setup(java.lang.String,java.lang.String)[pri:0, instance:testCases.TC_001_CreatingAnAccount@1aafa419]" started-at="2025-03-07T03:21:18 IST" name="setup" finished-at="2025-03-07T03:21:25 IST" duration-ms="6870" status="PASS">
          <params>
            <param index="0">
              <value>
                <![CDATA[Windows]]>
              </value>
            </param>
            <param index="1">
              <value>
                <![CDATA[chrome]]>
              </value>
            </param>
          </params>
          <reporter-output>
          </reporter-output>
        </test-method> <!-- setup -->
        <test-method is-config="true" signature="setUpPages()[pri:0, instance:testCases.TC_001_CreatingAnAccount@1aafa419]" started-at="2025-03-07T03:21:25 IST" name="setUpPages" finished-at="2025-03-07T03:21:25 IST" duration-ms="3" status="PASS">
          <reporter-output>
          </reporter-output>
        </test-method> <!-- setUpPages -->
        <test-method signature="creatingAnAccount()[pri:0, instance:testCases.TC_001_CreatingAnAccount@1aafa419]" started-at="2025-03-07T03:21:25 IST" name="creatingAnAccount" finished-at="2025-03-07T03:21:30 IST" duration-ms="5114" status="PASS">
          <reporter-output>
          </reporter-output>
        </test-method> <!-- creatingAnAccount -->
        <test-method is-config="true" signature="tearDown()[pri:0, instance:testCases.TC_001_CreatingAnAccount@1aafa419]" started-at="2025-03-07T03:21:30 IST" name="tearDown" finished-at="2025-03-07T03:21:31 IST" duration-ms="292" status="PASS">
          <reporter-output>
          </reporter-output>
        </test-method> <!-- tearDown -->
      </class> <!-- testCases.TC_001_CreatingAnAccount -->
    </test> <!-- Test -->
  </suite> <!-- Suite (1) -->
  <suite started-at="2025-03-07T03:20:46 IST" name="Suite (0)" finished-at="2025-03-07T03:21:18 IST" duration-ms="32328">
    <groups>
      <group name="regression">
        <method signature="TC_001_CreatingAnAccount.creatingAnAccount()[pri:0, instance:testCases.TC_001_CreatingAnAccount@692f203f]" name="creatingAnAccount" class="testCases.TC_001_CreatingAnAccount"/>
      </group> <!-- regression -->
      <group name="master">
        <method signature="TC_001_CreatingAnAccount.creatingAnAccount()[pri:0, instance:testCases.TC_001_CreatingAnAccount@692f203f]" name="creatingAnAccount" class="testCases.TC_001_CreatingAnAccount"/>
        <method signature="TC_002_SignInTest.signInTest()[pri:0, instance:testCases.TC_002_SignInTest@48f2bd5b]" name="signInTest" class="testCases.TC_002_SignInTest"/>
      </group> <!-- master -->
    </groups>
    <test started-at="2025-03-07T03:20:46 IST" name="edgetest" finished-at="2025-03-07T03:21:18 IST" duration-ms="32328">
      <class name="testCases.TC_002_SignInTest">
        <test-method is-config="true" signature="setup(java.lang.String,java.lang.String)[pri:0, instance:testCases.TC_002_SignInTest@48f2bd5b]" started-at="2025-03-07T03:21:05 IST" name="setup" finished-at="2025-03-07T03:21:12 IST" duration-ms="7008" status="PASS">
          <params>
            <param index="0">
              <value>
                <![CDATA[Windows]]>
              </value>
            </param>
            <param index="1">
              <value>
                <![CDATA[edge]]>
              </value>
            </param>
          </params>
          <reporter-output>
          </reporter-output>
        </test-method> <!-- setup -->
        <test-method is-config="true" signature="setUpPages()[pri:0, instance:testCases.TC_002_SignInTest@48f2bd5b]" started-at="2025-03-07T03:21:12 IST" name="setUpPages" finished-at="2025-03-07T03:21:12 IST" duration-ms="1" status="PASS">
          <reporter-output>
          </reporter-output>
        </test-method> <!-- setUpPages -->
        <test-method signature="signInTest()[pri:0, instance:testCases.TC_002_SignInTest@48f2bd5b]" started-at="2025-03-07T03:21:12 IST" name="signInTest" finished-at="2025-03-07T03:21:17 IST" depends-on-methods="testCases.TC_001_CreatingAnAccount.creatingAnAccount" duration-ms="5016" status="PASS">
          <reporter-output>
          </reporter-output>
        </test-method> <!-- signInTest -->
        <test-method is-config="true" signature="tearDown()[pri:0, instance:testCases.TC_002_SignInTest@48f2bd5b]" started-at="2025-03-07T03:21:17 IST" name="tearDown" finished-at="2025-03-07T03:21:18 IST" duration-ms="1374" status="PASS">
          <reporter-output>
          </reporter-output>
        </test-method> <!-- tearDown -->
      </class> <!-- testCases.TC_002_SignInTest -->
      <class name="testCases.TC_001_CreatingAnAccount">
        <test-method is-config="true" signature="setup(java.lang.String,java.lang.String)[pri:0, instance:testCases.TC_001_CreatingAnAccount@692f203f]" started-at="2025-03-07T03:20:46 IST" name="setup" finished-at="2025-03-07T03:20:57 IST" duration-ms="10952" status="PASS">
          <params>
            <param index="0">
              <value>
                <![CDATA[Windows]]>
              </value>
            </param>
            <param index="1">
              <value>
                <![CDATA[edge]]>
              </value>
            </param>
          </params>
          <reporter-output>
          </reporter-output>
        </test-method> <!-- setup -->
        <test-method is-config="true" signature="setUpPages()[pri:0, instance:testCases.TC_001_CreatingAnAccount@692f203f]" started-at="2025-03-07T03:20:57 IST" name="setUpPages" finished-at="2025-03-07T03:20:57 IST" duration-ms="10" status="PASS">
          <reporter-output>
          </reporter-output>
        </test-method> <!-- setUpPages -->
        <test-method signature="creatingAnAccount()[pri:0, instance:testCases.TC_001_CreatingAnAccount@692f203f]" started-at="2025-03-07T03:20:57 IST" name="creatingAnAccount" finished-at="2025-03-07T03:21:03 IST" duration-ms="6575" status="PASS">
          <reporter-output>
          </reporter-output>
        </test-method> <!-- creatingAnAccount -->
        <test-method is-config="true" signature="tearDown()[pri:0, instance:testCases.TC_001_CreatingAnAccount@692f203f]" started-at="2025-03-07T03:21:03 IST" name="tearDown" finished-at="2025-03-07T03:21:05 IST" duration-ms="1378" status="PASS">
          <reporter-output>
          </reporter-output>
        </test-method> <!-- tearDown -->
      </class> <!-- testCases.TC_001_CreatingAnAccount -->
    </test> <!-- edgetest -->
  </suite> <!-- Suite (0) -->
</testng-results>
