<?xml version="1.0" encoding="UTF-8"?>
<!-- Generated by org.testng.reporters.JUnitXMLReporter -->
<testsuite ignored="0" hostname="DESKTOP-DJAOCVR" failures="0" tests="2" name="chrometest" time="23.089" errors="0" timestamp="2025-03-07T02:12:11 IST">
  <testcase classname="testCases.TC_001_CreatingAnAccount" name="creatingAnAccount" time="0.0">
    <skipped/>
  </testcase> <!-- creatingAnAccount -->
  <testcase classname="testCases.TC_002_SignInTest" name="signInTest" time="0.002">
    <skipped/>
  </testcase> <!-- signInTest -->
</testsuite> <!-- chrometest -->
