<?xml version="1.0" encoding="UTF-8"?>
<testng-results ignored="0" total="2" passed="2" failed="0" skipped="0">
  <reporter-output>
  </reporter-output>
  <suite started-at="2025-03-07T02:45:11 IST" name="Suite" finished-at="2025-03-07T02:45:38 IST" duration-ms="27713">
    <groups>
      <group name="regression">
        <method signature="TC_001_CreatingAnAccount.creatingAnAccount()[pri:0, instance:testCases.TC_001_CreatingAnAccount@45752059]" name="creatingAnAccount" class="testCases.TC_001_CreatingAnAccount"/>
        <method signature="TC_002_SignInTest.signInTest()[pri:0, instance:testCases.TC_002_SignInTest@6025e1b6]" name="signInTest" class="testCases.TC_002_SignInTest"/>
      </group> <!-- regression -->
      <group name="master">
        <method signature="TC_001_CreatingAnAccount.creatingAnAccount()[pri:0, instance:testCases.TC_001_CreatingAnAccount@45752059]" name="creatingAnAccount" class="testCases.TC_001_CreatingAnAccount"/>
        <method signature="TC_002_SignInTest.signInTest()[pri:0, instance:testCases.TC_002_SignInTest@6025e1b6]" name="signInTest" class="testCases.TC_002_SignInTest"/>
      </group> <!-- master -->
    </groups>
    <test started-at="2025-03-07T02:45:11 IST" name="Test" finished-at="2025-03-07T02:45:38 IST" duration-ms="27713">
      <class name="testCases.TC_002_SignInTest">
        <test-method is-config="true" signature="setup(java.lang.String,java.lang.String)[pri:0, instance:testCases.TC_002_SignInTest@6025e1b6]" started-at="2025-03-07T02:45:25 IST" name="setup" finished-at="2025-03-07T02:45:33 IST" duration-ms="7962" status="PASS">
          <params>
            <param index="0">
              <value>
                <![CDATA[Windows]]>
              </value>
            </param>
            <param index="1">
              <value>
                <![CDATA[chrome]]>
              </value>
            </param>
          </params>
          <reporter-output>
          </reporter-output>
        </test-method> <!-- setup -->
        <test-method is-config="true" signature="setUpPages()[pri:0, instance:testCases.TC_002_SignInTest@6025e1b6]" started-at="2025-03-07T02:45:33 IST" name="setUpPages" finished-at="2025-03-07T02:45:33 IST" duration-ms="3" status="PASS">
          <reporter-output>
          </reporter-output>
        </test-method> <!-- setUpPages -->
        <test-method signature="signInTest()[pri:0, instance:testCases.TC_002_SignInTest@6025e1b6]" started-at="2025-03-07T02:45:33 IST" name="signInTest" finished-at="2025-03-07T02:45:38 IST" depends-on-methods="testCases.TC_001_CreatingAnAccount.creatingAnAccount" duration-ms="4955" status="PASS">
          <reporter-output>
          </reporter-output>
        </test-method> <!-- signInTest -->
        <test-method is-config="true" signature="tearDown()[pri:0, instance:testCases.TC_002_SignInTest@6025e1b6]" started-at="2025-03-07T02:45:38 IST" name="tearDown" finished-at="2025-03-07T02:45:38 IST" duration-ms="276" status="PASS">
          <reporter-output>
          </reporter-output>
        </test-method> <!-- tearDown -->
      </class> <!-- testCases.TC_002_SignInTest -->
      <class name="testCases.TC_001_CreatingAnAccount">
        <test-method is-config="true" signature="setup(java.lang.String,java.lang.String)[pri:0, instance:testCases.TC_001_CreatingAnAccount@45752059]" started-at="2025-03-07T02:45:11 IST" name="setup" finished-at="2025-03-07T02:45:18 IST" duration-ms="7543" status="PASS">
          <params>
            <param index="0">
              <value>
                <![CDATA[Windows]]>
              </value>
            </param>
            <param index="1">
              <value>
                <![CDATA[chrome]]>
              </value>
            </param>
          </params>
          <reporter-output>
          </reporter-output>
        </test-method> <!-- setup -->
        <test-method is-config="true" signature="setUpPages()[pri:0, instance:testCases.TC_001_CreatingAnAccount@45752059]" started-at="2025-03-07T02:45:19 IST" name="setUpPages" finished-at="2025-03-07T02:45:19 IST" duration-ms="182" status="PASS">
          <reporter-output>
          </reporter-output>
        </test-method> <!-- setUpPages -->
        <test-method signature="creatingAnAccount()[pri:0, instance:testCases.TC_001_CreatingAnAccount@45752059]" started-at="2025-03-07T02:45:19 IST" name="creatingAnAccount" finished-at="2025-03-07T02:45:25 IST" duration-ms="6046" status="PASS">
          <reporter-output>
          </reporter-output>
        </test-method> <!-- creatingAnAccount -->
        <test-method is-config="true" signature="tearDown()[pri:0, instance:testCases.TC_001_CreatingAnAccount@45752059]" started-at="2025-03-07T02:45:25 IST" name="tearDown" finished-at="2025-03-07T02:45:25 IST" duration-ms="274" status="PASS">
          <reporter-output>
          </reporter-output>
        </test-method> <!-- tearDown -->
      </class> <!-- testCases.TC_001_CreatingAnAccount -->
    </test> <!-- Test -->
  </suite> <!-- Suite -->
</testng-results>
