<?xml version="1.0" encoding="UTF-8"?>
<testng-results ignored="0" total="1" passed="1" failed="0" skipped="0">
  <reporter-output>
  </reporter-output>
  <suite started-at="2025-03-06T17:55:05 IST" name="Default suite" finished-at="2025-03-06T17:55:26 IST" duration-ms="20250">
    <groups>
    </groups>
    <test started-at="2025-03-06T17:55:05 IST" name="Default test" finished-at="2025-03-06T17:55:26 IST" duration-ms="20250">
      <class name="pac.Test1">
        <test-method signature="test1()[pri:0, instance:pac.Test1@587e5365]" started-at="2025-03-06T17:55:05 IST" name="test1" finished-at="2025-03-06T17:55:26 IST" duration-ms="20180" status="PASS">
          <reporter-output>
          </reporter-output>
        </test-method> <!-- test1 -->
      </class> <!-- pac.Test1 -->
    </test> <!-- Default test -->
  </suite> <!-- Default suite -->
</testng-results>
